<?xml version="1.0" encoding="UTF-8"?>
<testng-results ignored="0" total="8" passed="8" failed="0" skipped="0">
  <reporter-output>
  </reporter-output>
  <suite started-at="2020-08-07T11:15:44 IST" name="Surefire suite" finished-at="2020-08-07T11:15:44 IST" duration-ms="39">
    <groups>
    </groups>
    <test started-at="2020-08-07T11:15:44 IST" name="Surefire test" finished-at="2020-08-07T11:15:44 IST" duration-ms="39">
      <class name="com.brainmentors.testngapp.testngdemos.AppTest">
        <test-method is-config="true" signature="begin()[pri:0, instance:com.brainmentors.testngapp.testngdemos.AppTest@491cc5c9]" started-at="2020-08-07T11:15:44 IST" name="begin" finished-at="2020-08-07T11:15:44 IST" duration-ms="10" status="PASS">
          <reporter-output>
          </reporter-output>
        </test-method> <!-- begin -->
        <test-method is-config="true" signature="appTestStart()[pri:0, instance:com.brainmentors.testngapp.testngdemos.AppTest@491cc5c9]" started-at="2020-08-07T11:15:44 IST" name="appTestStart" finished-at="2020-08-07T11:15:44 IST" duration-ms="0" status="PASS">
          <reporter-output>
          </reporter-output>
        </test-method> <!-- appTestStart -->
        <test-method is-config="true" signature="start()[pri:0, instance:com.brainmentors.testngapp.testngdemos.AppTest@491cc5c9]" started-at="2020-08-07T11:15:44 IST" name="start" finished-at="2020-08-07T11:15:44 IST" duration-ms="0" status="PASS">
          <reporter-output>
          </reporter-output>
        </test-method> <!-- start -->
        <test-method is-config="true" signature="beforeAllMethods()[pri:0, instance:com.brainmentors.testngapp.testngdemos.AppTest@491cc5c9]" started-at="2020-08-07T11:15:44 IST" name="beforeAllMethods" finished-at="2020-08-07T11:15:44 IST" duration-ms="0" status="PASS">
          <reporter-output>
          </reporter-output>
        </test-method> <!-- beforeAllMethods -->
        <test-method signature="dependent()[pri:0, instance:com.brainmentors.testngapp.testngdemos.AppTest@491cc5c9]" started-at="2020-08-07T11:15:44 IST" name="dependent" finished-at="2020-08-07T11:15:44 IST" duration-ms="1" status="PASS">
          <reporter-output>
          </reporter-output>
        </test-method> <!-- dependent -->
        <test-method is-config="true" signature="afterAllMethods()[pri:0, instance:com.brainmentors.testngapp.testngdemos.AppTest@491cc5c9]" started-at="2020-08-07T11:15:44 IST" name="afterAllMethods" finished-at="2020-08-07T11:15:44 IST" duration-ms="0" status="PASS">
          <reporter-output>
          </reporter-output>
        </test-method> <!-- afterAllMethods -->
        <test-method is-config="true" signature="beforeAllMethods()[pri:0, instance:com.brainmentors.testngapp.testngdemos.AppTest@491cc5c9]" started-at="2020-08-07T11:15:44 IST" name="beforeAllMethods" finished-at="2020-08-07T11:15:44 IST" duration-ms="1" status="PASS">
          <reporter-output>
          </reporter-output>
        </test-method> <!-- beforeAllMethods -->
        <test-method signature="test1(int, java.lang.String, double)[pri:0, instance:com.brainmentors.testngapp.testngdemos.AppTest@491cc5c9]" started-at="2020-08-07T11:15:44 IST" name="test1" data-provider="givemedata" finished-at="2020-08-07T11:15:44 IST" duration-ms="1" status="PASS">
          <params>
            <param index="0">
              <value>
                <![CDATA[1001]]>
              </value>
            </param>
            <param index="1">
              <value>
                <![CDATA[Ram]]>
              </value>
            </param>
            <param index="2">
              <value>
                <![CDATA[9999.0]]>
              </value>
            </param>
          </params>
          <reporter-output>
          </reporter-output>
        </test-method> <!-- test1 -->
        <test-method is-config="true" signature="beforeAllMethods()[pri:0, instance:com.brainmentors.testngapp.testngdemos.AppTest@491cc5c9]" started-at="2020-08-07T11:15:44 IST" name="beforeAllMethods" finished-at="2020-08-07T11:15:44 IST" duration-ms="0" status="PASS">
          <reporter-output>
          </reporter-output>
        </test-method> <!-- beforeAllMethods -->
        <test-method signature="test1(int, java.lang.String, double)[pri:0, instance:com.brainmentors.testngapp.testngdemos.AppTest@491cc5c9]" started-at="2020-08-07T11:15:44 IST" name="test1" data-provider="givemedata" finished-at="2020-08-07T11:15:44 IST" duration-ms="1" status="PASS">
          <params>
            <param index="0">
              <value>
                <![CDATA[102]]>
              </value>
            </param>
            <param index="1">
              <value>
                <![CDATA[Shyam]]>
              </value>
            </param>
            <param index="2">
              <value>
                <![CDATA[8888]]>
              </value>
            </param>
          </params>
          <reporter-output>
          </reporter-output>
        </test-method> <!-- test1 -->
        <test-method is-config="true" signature="afterAllMethods()[pri:0, instance:com.brainmentors.testngapp.testngdemos.AppTest@491cc5c9]" started-at="2020-08-07T11:15:44 IST" name="afterAllMethods" finished-at="2020-08-07T11:15:44 IST" duration-ms="0" status="PASS">
          <reporter-output>
          </reporter-output>
        </test-method> <!-- afterAllMethods -->
        <test-method signature="testParameter()[pri:0, instance:com.brainmentors.testngapp.testngdemos.AppTest@491cc5c9]" started-at="2020-08-07T11:15:44 IST" name="testParameter" finished-at="2020-08-07T11:15:44 IST" duration-ms="0" status="PASS">
          <reporter-output>
          </reporter-output>
        </test-method> <!-- testParameter -->
        <test-method is-config="true" signature="afterAllMethods()[pri:0, instance:com.brainmentors.testngapp.testngdemos.AppTest@491cc5c9]" started-at="2020-08-07T11:15:44 IST" name="afterAllMethods" finished-at="2020-08-07T11:15:44 IST" duration-ms="0" status="PASS">
          <reporter-output>
          </reporter-output>
        </test-method> <!-- afterAllMethods -->
        <test-method is-config="true" signature="beforeAllMethods()[pri:0, instance:com.brainmentors.testngapp.testngdemos.AppTest@491cc5c9]" started-at="2020-08-07T11:15:44 IST" name="beforeAllMethods" finished-at="2020-08-07T11:15:44 IST" duration-ms="0" status="PASS">
          <reporter-output>
          </reporter-output>
        </test-method> <!-- beforeAllMethods -->
        <test-method is-config="true" signature="beforeAllMethods()[pri:0, instance:com.brainmentors.testngapp.testngdemos.AppTest@491cc5c9]" started-at="2020-08-07T11:15:44 IST" name="beforeAllMethods" finished-at="2020-08-07T11:15:44 IST" duration-ms="0" status="PASS">
          <reporter-output>
          </reporter-output>
        </test-method> <!-- beforeAllMethods -->
        <test-method is-config="true" signature="afterAllMethods()[pri:0, instance:com.brainmentors.testngapp.testngdemos.AppTest@491cc5c9]" started-at="2020-08-07T11:15:44 IST" name="afterAllMethods" finished-at="2020-08-07T11:15:44 IST" duration-ms="0" status="PASS">
          <reporter-output>
          </reporter-output>
        </test-method> <!-- afterAllMethods -->
        <test-method is-config="true" signature="beforeAllMethods()[pri:0, instance:com.brainmentors.testngapp.testngdemos.AppTest@491cc5c9]" started-at="2020-08-07T11:15:44 IST" name="beforeAllMethods" finished-at="2020-08-07T11:15:44 IST" duration-ms="0" status="PASS">
          <reporter-output>
          </reporter-output>
        </test-method> <!-- beforeAllMethods -->
        <test-method signature="test2()[pri:0, instance:com.brainmentors.testngapp.testngdemos.AppTest@491cc5c9]" started-at="2020-08-07T11:15:44 IST" name="test2" finished-at="2020-08-07T11:15:44 IST" duration-ms="0" status="PASS">
          <reporter-output>
          </reporter-output>
        </test-method> <!-- test2 -->
        <test-method signature="test5()[pri:0, instance:com.brainmentors.testngapp.testngdemos.AppTest@491cc5c9]" started-at="2020-08-07T11:15:44 IST" name="test5" finished-at="2020-08-07T11:15:44 IST" duration-ms="1" status="PASS">
          <exception class="java.lang.ArithmeticException">
            <message>
              <![CDATA[/ by zero]]>
            </message>
            <full-stacktrace>
              <![CDATA[java.lang.ArithmeticException: / by zero
at com.brainmentors.testngapp.testngdemos.AppTest.test5(AppTest.java:82)
at java.base/jdk.internal.reflect.NativeMethodAccessorImpl.invoke0(Native Method)
at java.base/jdk.internal.reflect.NativeMethodAccessorImpl.invoke(NativeMethodAccessorImpl.java:62)
at java.base/jdk.internal.reflect.DelegatingMethodAccessorImpl.invoke(DelegatingMethodAccessorImpl.java:43)
at java.base/java.lang.reflect.Method.invoke(Method.java:567)
at org.testng.internal.MethodInvocationHelper.invokeMethod(MethodInvocationHelper.java:134)
at org.testng.internal.TestInvoker.invokeMethod(TestInvoker.java:597)
at org.testng.internal.TestInvoker.invokeTestMethod(TestInvoker.java:173)
at org.testng.internal.MethodRunner.runInSequence(MethodRunner.java:46)
at org.testng.internal.TestInvoker$MethodInvocationAgent.invoke(TestInvoker.java:816)
at org.testng.internal.TestInvoker.invokeTestMethods(TestInvoker.java:146)
at org.testng.internal.TestMethodWorker.invokeTestMethods(TestMethodWorker.java:146)
at org.testng.internal.TestMethodWorker.run(TestMethodWorker.java:128)
at java.base/java.util.ArrayList.forEach(ArrayList.java:1540)
at org.testng.TestRunner.privateRun(TestRunner.java:766)
at org.testng.TestRunner.run(TestRunner.java:587)
at org.testng.SuiteRunner.runTest(SuiteRunner.java:384)
at org.testng.SuiteRunner.runSequentially(SuiteRunner.java:378)
at org.testng.SuiteRunner.privateRun(SuiteRunner.java:337)
at org.testng.SuiteRunner.run(SuiteRunner.java:286)
at org.testng.SuiteRunnerWorker.runSuite(SuiteRunnerWorker.java:53)
at org.testng.SuiteRunnerWorker.run(SuiteRunnerWorker.java:96)
at org.testng.TestNG.runSuitesSequentially(TestNG.java:1187)
at org.testng.TestNG.runSuitesLocally(TestNG.java:1109)
at org.testng.TestNG.runSuites(TestNG.java:1039)
at org.testng.TestNG.run(TestNG.java:1007)
at org.apache.maven.surefire.testng.TestNGExecutor.run(TestNGExecutor.java:135)
at org.apache.maven.surefire.testng.TestNGDirectoryTestSuite.executeMulti(TestNGDirectoryTestSuite.java:193)
at org.apache.maven.surefire.testng.TestNGDirectoryTestSuite.execute(TestNGDirectoryTestSuite.java:94)
at org.apache.maven.surefire.testng.TestNGProvider.invoke(TestNGProvider.java:146)
at org.apache.maven.surefire.booter.ForkedBooter.invokeProviderInSameClassLoader(ForkedBooter.java:384)
at org.apache.maven.surefire.booter.ForkedBooter.runSuitesInProcess(ForkedBooter.java:345)
at org.apache.maven.surefire.booter.ForkedBooter.execute(ForkedBooter.java:126)
at org.apache.maven.surefire.booter.ForkedBooter.main(ForkedBooter.java:418)
]]>
            </full-stacktrace>
          </exception> <!-- java.lang.ArithmeticException -->
          <reporter-output>
          </reporter-output>
        </test-method> <!-- test5 -->
        <test-method is-config="true" signature="afterAllMethods()[pri:0, instance:com.brainmentors.testngapp.testngdemos.AppTest@491cc5c9]" started-at="2020-08-07T11:15:44 IST" name="afterAllMethods" finished-at="2020-08-07T11:15:44 IST" duration-ms="0" status="PASS">
          <reporter-output>
          </reporter-output>
        </test-method> <!-- afterAllMethods -->
        <test-method is-config="true" signature="afterAllMethods()[pri:0, instance:com.brainmentors.testngapp.testngdemos.AppTest@491cc5c9]" started-at="2020-08-07T11:15:44 IST" name="afterAllMethods" finished-at="2020-08-07T11:15:44 IST" duration-ms="0" status="PASS">
          <reporter-output>
          </reporter-output>
        </test-method> <!-- afterAllMethods -->
        <test-method is-config="true" signature="afterAllMethods()[pri:0, instance:com.brainmentors.testngapp.testngdemos.AppTest@491cc5c9]" started-at="2020-08-07T11:15:44 IST" name="afterAllMethods" finished-at="2020-08-07T11:15:44 IST" duration-ms="0" status="PASS">
          <reporter-output>
          </reporter-output>
        </test-method> <!-- afterAllMethods -->
        <test-method is-config="true" signature="beforeAllMethods()[pri:0, instance:com.brainmentors.testngapp.testngdemos.AppTest@491cc5c9]" started-at="2020-08-07T11:15:44 IST" name="beforeAllMethods" finished-at="2020-08-07T11:15:44 IST" duration-ms="0" status="PASS">
          <reporter-output>
          </reporter-output>
        </test-method> <!-- beforeAllMethods -->
        <test-method signature="test6()[pri:0, instance:com.brainmentors.testngapp.testngdemos.AppTest@491cc5c9]" started-at="2020-08-07T11:15:44 IST" name="test6" finished-at="2020-08-07T11:15:44 IST" depends-on-methods="com.brainmentors.testngapp.testngdemos.AppTest.dependent" duration-ms="0" status="PASS">
          <reporter-output>
          </reporter-output>
        </test-method> <!-- test6 -->
        <test-method is-config="true" signature="stop()[pri:0, instance:com.brainmentors.testngapp.testngdemos.AppTest@491cc5c9]" started-at="2020-08-07T11:15:44 IST" name="stop" finished-at="2020-08-07T11:15:44 IST" duration-ms="0" status="PASS">
          <reporter-output>
          </reporter-output>
        </test-method> <!-- stop -->
        <test-method is-config="true" signature="appTestStop()[pri:0, instance:com.brainmentors.testngapp.testngdemos.AppTest@491cc5c9]" started-at="2020-08-07T11:15:44 IST" name="appTestStop" finished-at="2020-08-07T11:15:44 IST" duration-ms="0" status="PASS">
          <reporter-output>
          </reporter-output>
        </test-method> <!-- appTestStop -->
        <test-method is-config="true" signature="end()[pri:0, instance:com.brainmentors.testngapp.testngdemos.AppTest@491cc5c9]" started-at="2020-08-07T11:15:49 IST" name="end" finished-at="2020-08-07T11:15:49 IST" duration-ms="0" status="PASS">
          <reporter-output>
          </reporter-output>
        </test-method> <!-- end -->
      </class> <!-- com.brainmentors.testngapp.testngdemos.AppTest -->
      <class name="com.brainmentors.testngapp.testngdemos.TestSecond">
        <test-method signature="test3()[pri:0, instance:com.brainmentors.testngapp.testngdemos.TestSecond@74ad1f1f]" started-at="2020-08-07T11:15:44 IST" name="test3" finished-at="2020-08-07T11:15:44 IST" duration-ms="0" status="PASS">
          <reporter-output>
          </reporter-output>
        </test-method> <!-- test3 -->
      </class> <!-- com.brainmentors.testngapp.testngdemos.TestSecond -->
    </test> <!-- Surefire test -->
  </suite> <!-- Surefire suite -->
</testng-results>
