<?xml version="1.0" encoding="UTF-8"?>
<testsuite xmlns:xsi="http://www.w3.org/2001/XMLSchema-instance" xsi:noNamespaceSchemaLocation="https://maven.apache.org/surefire/maven-surefire-plugin/xsd/surefire-test-report.xsd" name="TestSuite" time="5.38" tests="8" errors="0" skipped="0" failures="0">
  <properties>
[...]
</properties>
  <testcase name="dependent" classname="com.brainmentors.testngapp.testngdemos.AppTest" time="0.002"/>
  <testcase name="test1" classname="com.brainmentors.testngapp.testngdemos.AppTest" time="0.002"/>
  <testcase name="test1" classname="com.brainmentors.testngapp.testngdemos.AppTest" time="0.002"/>
  <testcase name="testParameter" classname="com.brainmentors.testngapp.testngdemos.AppTest" time="0.001"/>
  <testcase name="test2" classname="com.brainmentors.testngapp.testngdemos.AppTest" time="0"/>
  <testcase name="test5" classname="com.brainmentors.testngapp.testngdemos.AppTest" time="0.001"/>
  <testcase name="test6" classname="com.brainmentors.testngapp.testngdemos.AppTest" time="0"/>
  <testcase name="test3" classname="com.brainmentors.testngapp.testngdemos.TestSecond" time="0.001"/>
</testsuite>