<?xml version="1.0" encoding="UTF-8"?>
<testng-results skipped="0" failed="0" ignored="0" total="1" passed="1">
  <reporter-output>
  </reporter-output>
  <suite name="mynewtesting" duration-ms="21774" started-at="2020-09-21T11:22:17 IST" finished-at="2020-09-21T11:22:38 IST">
    <groups>
    </groups>
    <test name="test1" duration-ms="21774" started-at="2020-09-21T11:22:17 IST" finished-at="2020-09-21T11:22:38 IST">
      <class name="com.tpddl.appiumtesting.test.DateTimeHandle">
        <test-method status="PASS" signature="testDateTime()[pri:0, instance:com.tpddl.appiumtesting.test.DateTimeHandle@5f282abb]" name="testDateTime" duration-ms="21734" started-at="2020-09-21T11:22:17 IST" finished-at="2020-09-21T11:22:38 IST">
          <reporter-output>
          </reporter-output>
        </test-method> <!-- testDateTime -->
      </class> <!-- com.tpddl.appiumtesting.test.DateTimeHandle -->
    </test> <!-- test1 -->
  </suite> <!-- mynewtesting -->
</testng-results>
