<?xml version="1.0" encoding="UTF-8"?>
<testng-results skipped="0" failed="0" ignored="0" total="9" passed="9">
  <reporter-output>
  </reporter-output>
  <suite name="app" duration-ms="0" started-at="2020-08-06T10:52:20 IST" finished-at="2020-08-06T10:52:20 IST">
    <groups>
    </groups>
  </suite> <!-- app -->
  <suite name="kms" duration-ms="2" started-at="2020-08-06T10:52:00 IST" finished-at="2020-08-06T10:52:00 IST">
    <groups>
    </groups>
    <test name="kmstesting" duration-ms="2" started-at="2020-08-06T10:52:00 IST" finished-at="2020-08-06T10:52:00 IST">
      <class name="com.brainmentors.testngapp.testngdemos.TestSecond">
        <test-method status="PASS" signature="test3()[pri:0, instance:com.brainmentors.testngapp.testngdemos.TestSecond@2d6eabae]" name="test3" duration-ms="0" started-at="2020-08-06T10:52:00 IST" finished-at="2020-08-06T10:52:00 IST">
          <reporter-output>
          </reporter-output>
        </test-method> <!-- test3 -->
      </class> <!-- com.brainmentors.testngapp.testngdemos.TestSecond -->
    </test> <!-- kmstesting -->
  </suite> <!-- kms -->
  <suite name="cms" duration-ms="58" started-at="2020-08-06T10:51:55 IST" finished-at="2020-08-06T10:51:55 IST">
    <groups>
    </groups>
    <test name="cmstesting" duration-ms="58" started-at="2020-08-06T10:51:55 IST" finished-at="2020-08-06T10:51:55 IST">
      <class name="com.brainmentors.testngapp.testngdemos.Third">
        <test-method status="PASS" signature="start()[pri:0, instance:com.brainmentors.testngapp.testngdemos.Third@3d99d22e]" name="start" is-config="true" duration-ms="0" started-at="2020-08-06T10:51:55 IST" finished-at="2020-08-06T10:51:55 IST">
          <reporter-output>
          </reporter-output>
        </test-method> <!-- start -->
        <test-method status="PASS" signature="test4(int, java.lang.String, double)[pri:0, instance:com.brainmentors.testngapp.testngdemos.Third@3d99d22e]" name="test4" duration-ms="1" started-at="2020-08-06T10:51:55 IST" data-provider="givemedata" finished-at="2020-08-06T10:51:55 IST">
          <params>
            <param index="0">
              <value>
                <![CDATA[1001]]>
              </value>
            </param>
            <param index="1">
              <value>
                <![CDATA[Ram]]>
              </value>
            </param>
            <param index="2">
              <value>
                <![CDATA[9999.0]]>
              </value>
            </param>
          </params>
          <reporter-output>
          </reporter-output>
        </test-method> <!-- test4 -->
        <test-method status="PASS" signature="test4(int, java.lang.String, double)[pri:0, instance:com.brainmentors.testngapp.testngdemos.Third@3d99d22e]" name="test4" duration-ms="1" started-at="2020-08-06T10:51:55 IST" data-provider="givemedata" finished-at="2020-08-06T10:51:55 IST">
          <params>
            <param index="0">
              <value>
                <![CDATA[102]]>
              </value>
            </param>
            <param index="1">
              <value>
                <![CDATA[Shyam]]>
              </value>
            </param>
            <param index="2">
              <value>
                <![CDATA[8888]]>
              </value>
            </param>
          </params>
          <reporter-output>
          </reporter-output>
        </test-method> <!-- test4 -->
        <test-method status="PASS" signature="stop()[pri:0, instance:com.brainmentors.testngapp.testngdemos.Third@3d99d22e]" name="stop" is-config="true" duration-ms="0" started-at="2020-08-06T10:51:55 IST" finished-at="2020-08-06T10:51:55 IST">
          <reporter-output>
          </reporter-output>
        </test-method> <!-- stop -->
      </class> <!-- com.brainmentors.testngapp.testngdemos.Third -->
      <class name="com.brainmentors.testngapp.testngdemos.AppTest">
        <test-method status="PASS" signature="begin()[pri:0, instance:com.brainmentors.testngapp.testngdemos.AppTest@32709393]" name="begin" is-config="true" duration-ms="7" started-at="2020-08-06T10:51:55 IST" finished-at="2020-08-06T10:51:55 IST">
          <reporter-output>
          </reporter-output>
        </test-method> <!-- begin -->
        <test-method status="PASS" signature="appTestStart()[pri:0, instance:com.brainmentors.testngapp.testngdemos.AppTest@32709393]" name="appTestStart" is-config="true" duration-ms="1" started-at="2020-08-06T10:51:55 IST" finished-at="2020-08-06T10:51:55 IST">
          <reporter-output>
          </reporter-output>
        </test-method> <!-- appTestStart -->
        <test-method status="PASS" signature="start()[pri:0, instance:com.brainmentors.testngapp.testngdemos.AppTest@32709393]" name="start" is-config="true" duration-ms="0" started-at="2020-08-06T10:51:55 IST" finished-at="2020-08-06T10:51:55 IST">
          <reporter-output>
          </reporter-output>
        </test-method> <!-- start -->
        <test-method status="PASS" signature="beforeAllMethods()[pri:0, instance:com.brainmentors.testngapp.testngdemos.AppTest@32709393]" name="beforeAllMethods" is-config="true" duration-ms="0" started-at="2020-08-06T10:51:55 IST" finished-at="2020-08-06T10:51:55 IST">
          <reporter-output>
          </reporter-output>
        </test-method> <!-- beforeAllMethods -->
        <test-method status="PASS" signature="dependent()[pri:0, instance:com.brainmentors.testngapp.testngdemos.AppTest@32709393]" name="dependent" duration-ms="5" started-at="2020-08-06T10:51:55 IST" finished-at="2020-08-06T10:51:55 IST">
          <reporter-output>
          </reporter-output>
        </test-method> <!-- dependent -->
        <test-method status="PASS" signature="afterAllMethods()[pri:0, instance:com.brainmentors.testngapp.testngdemos.AppTest@32709393]" name="afterAllMethods" is-config="true" duration-ms="0" started-at="2020-08-06T10:51:55 IST" finished-at="2020-08-06T10:51:55 IST">
          <reporter-output>
          </reporter-output>
        </test-method> <!-- afterAllMethods -->
        <test-method status="PASS" signature="beforeAllMethods()[pri:0, instance:com.brainmentors.testngapp.testngdemos.AppTest@32709393]" name="beforeAllMethods" is-config="true" duration-ms="0" started-at="2020-08-06T10:51:55 IST" finished-at="2020-08-06T10:51:55 IST">
          <reporter-output>
          </reporter-output>
        </test-method> <!-- beforeAllMethods -->
        <test-method status="PASS" signature="test1(int, java.lang.String, double)[pri:0, instance:com.brainmentors.testngapp.testngdemos.AppTest@32709393]" name="test1" duration-ms="3" started-at="2020-08-06T10:51:55 IST" data-provider="givemedata" finished-at="2020-08-06T10:51:55 IST">
          <params>
            <param index="0">
              <value>
                <![CDATA[1001]]>
              </value>
            </param>
            <param index="1">
              <value>
                <![CDATA[Ram]]>
              </value>
            </param>
            <param index="2">
              <value>
                <![CDATA[9999.0]]>
              </value>
            </param>
          </params>
          <reporter-output>
          </reporter-output>
        </test-method> <!-- test1 -->
        <test-method status="PASS" signature="afterAllMethods()[pri:0, instance:com.brainmentors.testngapp.testngdemos.AppTest@32709393]" name="afterAllMethods" is-config="true" duration-ms="1" started-at="2020-08-06T10:51:55 IST" finished-at="2020-08-06T10:51:55 IST">
          <reporter-output>
          </reporter-output>
        </test-method> <!-- afterAllMethods -->
        <test-method status="PASS" signature="test1(int, java.lang.String, double)[pri:0, instance:com.brainmentors.testngapp.testngdemos.AppTest@32709393]" name="test1" duration-ms="1" started-at="2020-08-06T10:51:55 IST" data-provider="givemedata" finished-at="2020-08-06T10:51:55 IST">
          <params>
            <param index="0">
              <value>
                <![CDATA[102]]>
              </value>
            </param>
            <param index="1">
              <value>
                <![CDATA[Shyam]]>
              </value>
            </param>
            <param index="2">
              <value>
                <![CDATA[8888]]>
              </value>
            </param>
          </params>
          <reporter-output>
          </reporter-output>
        </test-method> <!-- test1 -->
        <test-method status="PASS" signature="beforeAllMethods()[pri:0, instance:com.brainmentors.testngapp.testngdemos.AppTest@32709393]" name="beforeAllMethods" is-config="true" duration-ms="0" started-at="2020-08-06T10:51:55 IST" finished-at="2020-08-06T10:51:55 IST">
          <reporter-output>
          </reporter-output>
        </test-method> <!-- beforeAllMethods -->
        <test-method status="PASS" signature="beforeAllMethods()[pri:0, instance:com.brainmentors.testngapp.testngdemos.AppTest@32709393]" name="beforeAllMethods" is-config="true" duration-ms="1" started-at="2020-08-06T10:51:55 IST" finished-at="2020-08-06T10:51:55 IST">
          <reporter-output>
          </reporter-output>
        </test-method> <!-- beforeAllMethods -->
        <test-method status="PASS" signature="afterAllMethods()[pri:0, instance:com.brainmentors.testngapp.testngdemos.AppTest@32709393]" name="afterAllMethods" is-config="true" duration-ms="0" started-at="2020-08-06T10:51:55 IST" finished-at="2020-08-06T10:51:55 IST">
          <reporter-output>
          </reporter-output>
        </test-method> <!-- afterAllMethods -->
        <test-method status="PASS" signature="test2()[pri:0, instance:com.brainmentors.testngapp.testngdemos.AppTest@32709393]" name="test2" duration-ms="2" started-at="2020-08-06T10:51:55 IST" finished-at="2020-08-06T10:51:55 IST">
          <reporter-output>
          </reporter-output>
        </test-method> <!-- test2 -->
        <test-method status="PASS" signature="test5()[pri:0, instance:com.brainmentors.testngapp.testngdemos.AppTest@32709393]" name="test5" duration-ms="1" started-at="2020-08-06T10:51:55 IST" finished-at="2020-08-06T10:51:55 IST">
          <exception class="java.lang.ArithmeticException">
            <message>
              <![CDATA[/ by zero]]>
            </message>
            <full-stacktrace>
              <![CDATA[java.lang.ArithmeticException: / by zero
at com.brainmentors.testngapp.testngdemos.AppTest.test5(AppTest.java:78)
at sun.reflect.NativeMethodAccessorImpl.invoke0(Native Method)
at sun.reflect.NativeMethodAccessorImpl.invoke(NativeMethodAccessorImpl.java:62)
at sun.reflect.DelegatingMethodAccessorImpl.invoke(DelegatingMethodAccessorImpl.java:43)
at java.lang.reflect.Method.invoke(Method.java:498)
at org.testng.internal.MethodInvocationHelper.invokeMethod(MethodInvocationHelper.java:134)
at org.testng.internal.TestInvoker.invokeMethod(TestInvoker.java:597)
at org.testng.internal.TestInvoker.invokeTestMethod(TestInvoker.java:173)
at org.testng.internal.MethodRunner.runInSequence(MethodRunner.java:46)
at org.testng.internal.TestInvoker$MethodInvocationAgent.invoke(TestInvoker.java:816)
at org.testng.internal.TestInvoker.invokeTestMethods(TestInvoker.java:146)
at org.testng.internal.TestMethodWorker.invokeTestMethods(TestMethodWorker.java:146)
at org.testng.internal.TestMethodWorker.run(TestMethodWorker.java:128)
at java.util.ArrayList.forEach(ArrayList.java:1257)
at org.testng.TestRunner.privateRun(TestRunner.java:766)
at org.testng.TestRunner.run(TestRunner.java:587)
at org.testng.SuiteRunner.runTest(SuiteRunner.java:384)
at org.testng.SuiteRunner.runSequentially(SuiteRunner.java:378)
at org.testng.SuiteRunner.privateRun(SuiteRunner.java:337)
at org.testng.SuiteRunner.run(SuiteRunner.java:286)
at org.testng.SuiteRunnerWorker.runSuite(SuiteRunnerWorker.java:53)
at org.testng.SuiteRunnerWorker.run(SuiteRunnerWorker.java:96)
at org.testng.TestNG.runSuitesSequentially(TestNG.java:1187)
at org.testng.TestNG.runSuitesSequentially(TestNG.java:1182)
at org.testng.TestNG.runSuitesLocally(TestNG.java:1109)
at org.testng.TestNG.runSuites(TestNG.java:1039)
at org.testng.TestNG.run(TestNG.java:1007)
at org.testng.remote.AbstractRemoteTestNG.run(AbstractRemoteTestNG.java:115)
at org.testng.remote.RemoteTestNG.initAndRun(RemoteTestNG.java:251)
at org.testng.remote.RemoteTestNG.main(RemoteTestNG.java:77)
]]>
            </full-stacktrace>
          </exception> <!-- java.lang.ArithmeticException -->
          <reporter-output>
          </reporter-output>
        </test-method> <!-- test5 -->
        <test-method status="PASS" signature="afterAllMethods()[pri:0, instance:com.brainmentors.testngapp.testngdemos.AppTest@32709393]" name="afterAllMethods" is-config="true" duration-ms="0" started-at="2020-08-06T10:51:55 IST" finished-at="2020-08-06T10:51:55 IST">
          <reporter-output>
          </reporter-output>
        </test-method> <!-- afterAllMethods -->
        <test-method status="PASS" signature="beforeAllMethods()[pri:0, instance:com.brainmentors.testngapp.testngdemos.AppTest@32709393]" name="beforeAllMethods" is-config="true" duration-ms="0" started-at="2020-08-06T10:51:55 IST" finished-at="2020-08-06T10:51:55 IST">
          <reporter-output>
          </reporter-output>
        </test-method> <!-- beforeAllMethods -->
        <test-method status="PASS" signature="afterAllMethods()[pri:0, instance:com.brainmentors.testngapp.testngdemos.AppTest@32709393]" name="afterAllMethods" is-config="true" duration-ms="1" started-at="2020-08-06T10:51:55 IST" finished-at="2020-08-06T10:51:55 IST">
          <reporter-output>
          </reporter-output>
        </test-method> <!-- afterAllMethods -->
        <test-method status="PASS" signature="beforeAllMethods()[pri:0, instance:com.brainmentors.testngapp.testngdemos.AppTest@32709393]" name="beforeAllMethods" is-config="true" duration-ms="0" started-at="2020-08-06T10:51:55 IST" finished-at="2020-08-06T10:51:55 IST">
          <reporter-output>
          </reporter-output>
        </test-method> <!-- beforeAllMethods -->
        <test-method status="PASS" signature="test6()[pri:0, instance:com.brainmentors.testngapp.testngdemos.AppTest@32709393]" name="test6" duration-ms="1" started-at="2020-08-06T10:51:55 IST" depends-on-methods="com.brainmentors.testngapp.testngdemos.AppTest.dependent" finished-at="2020-08-06T10:51:55 IST">
          <reporter-output>
          </reporter-output>
        </test-method> <!-- test6 -->
        <test-method status="PASS" signature="afterAllMethods()[pri:0, instance:com.brainmentors.testngapp.testngdemos.AppTest@32709393]" name="afterAllMethods" is-config="true" duration-ms="1" started-at="2020-08-06T10:51:55 IST" finished-at="2020-08-06T10:51:55 IST">
          <reporter-output>
          </reporter-output>
        </test-method> <!-- afterAllMethods -->
        <test-method status="PASS" signature="stop()[pri:0, instance:com.brainmentors.testngapp.testngdemos.AppTest@32709393]" name="stop" is-config="true" duration-ms="0" started-at="2020-08-06T10:51:55 IST" finished-at="2020-08-06T10:51:55 IST">
          <reporter-output>
          </reporter-output>
        </test-method> <!-- stop -->
        <test-method status="PASS" signature="appTestStop()[pri:0, instance:com.brainmentors.testngapp.testngdemos.AppTest@32709393]" name="appTestStop" is-config="true" duration-ms="0" started-at="2020-08-06T10:51:55 IST" finished-at="2020-08-06T10:51:55 IST">
          <reporter-output>
          </reporter-output>
        </test-method> <!-- appTestStop -->
        <test-method status="PASS" signature="end()[pri:0, instance:com.brainmentors.testngapp.testngdemos.AppTest@32709393]" name="end" is-config="true" duration-ms="1" started-at="2020-08-06T10:52:00 IST" finished-at="2020-08-06T10:52:00 IST">
          <reporter-output>
          </reporter-output>
        </test-method> <!-- end -->
      </class> <!-- com.brainmentors.testngapp.testngdemos.AppTest -->
    </test> <!-- cmstesting -->
  </suite> <!-- cms -->
</testng-results>
