<?xml version="1.0" encoding="UTF-8"?>
<!-- Generated by org.testng.reporters.JUnitXMLReporter -->
<testsuite hostname="Amits-MBP" ignored="0" name="kmstesting" tests="2" failures="1" timestamp="2020-08-13T11:04:53 IST" time="0.049" errors="0">
  <testcase name="test1" time="0.009" classname="com.brainmentors.datadriven.mycompanion.test.user.UserTest"/>
  <testcase name="test2" time="0.001" classname="com.brainmentors.datadriven.mycompanion.test.user.UserTest">
    <failure type="java.lang.AssertionError" message="expected [10] but found [100]">
      <![CDATA[java.lang.AssertionError: expected [10] but found [100]
at com.brainmentors.datadriven.mycompanion.test.user.UserTest.test2(UserTest.java:55)
at java.util.ArrayList.forEach(ArrayList.java:1257)
... Removed 33 stack frames]]>
    </failure>
  </testcase> <!-- test2 -->
</testsuite> <!-- kmstesting -->
