<?xml version="1.0" encoding="UTF-8"?>
<!-- Generated by org.testng.reporters.JUnitXMLReporter -->
<testsuite hostname="Amits-MacBook-Pro.local" ignored="0" name="cmstesting" tests="8" failures="0" timestamp="2020-08-06T10:52:00 IST" time="0.058" errors="0">
  <testcase name="dependent" time="0.005" classname="com.brainmentors.testngapp.testngdemos.AppTest"/>
  <testcase name="test1" time="0.003" classname="com.brainmentors.testngapp.testngdemos.AppTest"/>
  <testcase name="test1" time="0.001" classname="com.brainmentors.testngapp.testngdemos.AppTest"/>
  <testcase name="test2" time="0.002" classname="com.brainmentors.testngapp.testngdemos.AppTest"/>
  <testcase name="test5" time="0.001" classname="com.brainmentors.testngapp.testngdemos.AppTest"/>
  <testcase name="test6" time="0.001" classname="com.brainmentors.testngapp.testngdemos.AppTest"/>
  <testcase name="test4" time="0.001" classname="com.brainmentors.testngapp.testngdemos.Third"/>
  <testcase name="test4" time="0.001" classname="com.brainmentors.testngapp.testngdemos.Third"/>
</testsuite> <!-- cmstesting -->
