<?xml version="1.0" encoding="UTF-8"?>
<!-- Generated by org.testng.reporters.JUnitXMLReporter -->
<testsuite hostname="Amits-MacBook-Pro.local" ignored="3" name="test1" tests="1" failures="0" timestamp="2020-09-17T11:31:34 IST" time="13.437" errors="0">
  <testcase name="three" time="13.4" classname="com.tpddl.appiumtesting.test.Five"/>
  <testcase name="one" time="0.0" classname="com.tpddl.appiumtesting.test.Five">
    <ignored/>
  </testcase> <!-- one -->
  <testcase name="second" time="0.0" classname="com.tpddl.appiumtesting.test.Five">
    <ignored/>
  </testcase> <!-- second -->
  <testcase name="two" time="0.0" classname="com.tpddl.appiumtesting.test.Five">
    <ignored/>
  </testcase> <!-- two -->
</testsuite> <!-- test1 -->
