<?xml version="1.0" encoding="UTF-8"?>
<!-- Generated by org.testng.reporters.JUnitXMLReporter -->
<testsuite hostname="Amits-MacBook-Pro.local" ignored="0" name="Default test" tests="6" failures="0" timestamp="2020-08-06T10:51:29 IST" time="0.06" errors="0">
  <testcase name="dependent" time="0.005" classname="com.brainmentors.testngapp.testngdemos.AppTest"/>
  <testcase name="test1" time="0.003" classname="com.brainmentors.testngapp.testngdemos.AppTest"/>
  <testcase name="test1" time="0.001" classname="com.brainmentors.testngapp.testngdemos.AppTest"/>
  <testcase name="test2" time="0.001" classname="com.brainmentors.testngapp.testngdemos.AppTest"/>
  <testcase name="test5" time="0.001" classname="com.brainmentors.testngapp.testngdemos.AppTest"/>
  <testcase name="test6" time="0.001" classname="com.brainmentors.testngapp.testngdemos.AppTest"/>
</testsuite> <!-- Default test -->
