<?xml version="1.0" encoding="UTF-8"?>
<!-- Generated by org.testng.reporters.JUnitXMLReporter -->
<testsuite ignored="0" hostname="Amits-MacBook-Pro.local" failures="0" tests="8" name="Surefire test" time="0.039" errors="0" timestamp="2020-08-07T11:15:49 IST">
  <testcase classname="com.brainmentors.testngapp.testngdemos.AppTest" name="dependent" time="0.001"/>
  <testcase classname="com.brainmentors.testngapp.testngdemos.AppTest" name="test1" time="0.001"/>
  <testcase classname="com.brainmentors.testngapp.testngdemos.AppTest" name="test1" time="0.001"/>
  <testcase classname="com.brainmentors.testngapp.testngdemos.AppTest" name="testParameter" time="0.0"/>
  <testcase classname="com.brainmentors.testngapp.testngdemos.AppTest" name="test2" time="0.0"/>
  <testcase classname="com.brainmentors.testngapp.testngdemos.AppTest" name="test5" time="0.001"/>
  <testcase classname="com.brainmentors.testngapp.testngdemos.AppTest" name="test6" time="0.0"/>
  <testcase classname="com.brainmentors.testngapp.testngdemos.TestSecond" name="test3" time="0.0"/>
</testsuite> <!-- Surefire test -->
