<?xml version="1.0" encoding="UTF-8"?>
<!-- Generated by org.testng.reporters.JUnitXMLReporter -->
<testsuite hostname="Amits-MacBook-Pro.local" ignored="0" name="Default test" tests="2" failures="0" timestamp="2020-08-05T10:22:04 IST" time="5.433" errors="0">
  <testcase name="testCase2" time="2.972" classname="com.brainmentors.testingapp.webtesting.AppTest"/>
  <testcase name="testCricAPI" time="2.422" classname="com.brainmentors.testingapp.webtesting.AppTest"/>
</testsuite> <!-- Default test -->
